<?xml version="1.0" encoding="UTF-8"?>
<!-- Generated by org.testng.reporters.JUnitReportReporter -->
<testsuite hostname="win2019" failures="0" tests="3" name="com.selcs.OrangeHRM" time="24.056" errors="0" timestamp="2024-08-20T21:09:45 PDT" skipped="0">
  <testcase classname="com.selcs.OrangeHRM" name="ChromeBrowserLaunch" time="7.364"/>
  <system-out/>
  <testcase classname="com.selcs.OrangeHRM" name="FirefoxBrowserLaunch" time="10.233"/>
  <system-out/>
  <testcase classname="com.selcs.OrangeHRM" name="EdgeBrowserLaunch" time="6.459"/>
  <system-out/>
</testsuite> <!-- com.selcs.OrangeHRM -->
