<?xml version="1.0" encoding="UTF-8"?>
<!-- Generated by org.testng.reporters.JUnitReportReporter -->
<testsuite hostname="win2019" failures="0" tests="3" name="com.selcs.BrowserComms" time="31.920" errors="0" timestamp="2024-08-20T03:52:13 PDT" skipped="0">
  <testcase classname="com.selcs.BrowserComms" name="ChromeBrowserLaunch" time="6.587"/>
  <system-out/>
  <testcase classname="com.selcs.BrowserComms" name="FirefoxBrowserLaunch" time="18.832"/>
  <system-out/>
  <testcase classname="com.selcs.BrowserComms" name="EdgeBrowserLaunch" time="6.501"/>
  <system-out/>
</testsuite> <!-- com.selcs.BrowserComms -->
