<?xml version="1.0" encoding="UTF-8"?>
<!-- Generated by org.testng.reporters.JUnitReportReporter -->
<testsuite hostname="win2019" failures="0" tests="1" name="com.locator.Nopcommerce" time="17.482" errors="0" timestamp="2024-08-21T03:33:53 PDT" skipped="0">
  <testcase classname="com.locator.Nopcommerce" name="Search" time="17.482"/>
  <system-out/>
</testsuite> <!-- com.locator.Nopcommerce -->
