<?xml version="1.0" encoding="UTF-8"?>
<!-- Generated by org.testng.reporters.JUnitReportReporter -->
<testsuite hostname="win2019" failures="0" tests="1" name="com.locator.TestLocator" time="7.866" errors="0" timestamp="2024-08-24T05:10:57 PDT" skipped="0">
  <testcase classname="com.locator.TestLocator" name="Search" time="7.866"/>
  <system-out/>
</testsuite> <!-- com.locator.TestLocator -->
