<?xml version="1.0" encoding="UTF-8"?>
<!-- Generated by org.testng.reporters.JUnitReportReporter -->
<testsuite hostname="win2019" failures="0" tests="3" name="com.selcs.YourStore" time="20.917" errors="0" timestamp="2024-08-20T21:12:34 PDT" skipped="0">
  <testcase classname="com.selcs.YourStore" name="ChromeBrowserLaunch" time="6.639"/>
  <system-out/>
  <testcase classname="com.selcs.YourStore" name="FirefoxBrowserLaunch" time="9.483"/>
  <system-out/>
  <testcase classname="com.selcs.YourStore" name="EdgeBrowserLaunch" time="4.795"/>
  <system-out/>
</testsuite> <!-- com.selcs.YourStore -->
