<?xml version="1.0" encoding="UTF-8"?>
<!-- Generated by org.testng.reporters.JUnitReportReporter -->
<testsuite hostname="win2019" failures="0" tests="1" name="com.selcs.MaxMinEdge" time="22.589" errors="0" timestamp="2024-08-20T03:37:30 PDT" skipped="0">
  <testcase classname="com.selcs.MaxMinEdge" name="EdgeBrowserLaunch" time="22.589"/>
  <system-out/>
</testsuite> <!-- com.selcs.MaxMinEdge -->
