<?xml version="1.0" encoding="UTF-8"?>
<!-- Generated by org.testng.reporters.JUnitReportReporter -->
<testsuite hostname="win2019" failures="0" tests="1" name="com.selcs.MaxMinChrome" time="20.857" errors="0" timestamp="2024-08-20T03:28:27 PDT" skipped="0">
  <testcase classname="com.selcs.MaxMinChrome" name="ChromeBrowserLaunch" time="20.857"/>
  <system-out/>
</testsuite> <!-- com.selcs.MaxMinChrome -->
