<?xml version="1.0" encoding="UTF-8"?>
<!-- Generated by org.testng.reporters.JUnitReportReporter -->
<testsuite hostname="win2019" failures="0" tests="1" name="com.Webelement.WebelementDD" time="20.165" errors="0" timestamp="2024-08-21T23:56:02 PDT" skipped="0">
  <testcase classname="com.Webelement.WebelementDD" name="ddcheck" time="20.165"/>
  <system-out/>
</testsuite> <!-- com.Webelement.WebelementDD -->
