<?xml version="1.0" encoding="UTF-8"?>
<!-- Generated by org.testng.reporters.JUnitReportReporter -->
<testsuite hostname="win2019" failures="0" tests="3" name="com.selcs.Bing" time="18.754" errors="0" timestamp="2024-08-20T21:22:32 PDT" skipped="0">
  <testcase classname="com.selcs.Bing" name="ChromeBrowserLaunch" time="4.556"/>
  <system-out/>
  <testcase classname="com.selcs.Bing" name="FirefoxBrowserLaunch" time="9.967"/>
  <system-out/>
  <testcase classname="com.selcs.Bing" name="EdgeBrowserLaunch" time="4.231"/>
  <system-out/>
</testsuite> <!-- com.selcs.Bing -->
