<?xml version="1.0" encoding="UTF-8"?>
<!-- Generated by org.testng.reporters.JUnitReportReporter -->
<testsuite hostname="win2019" failures="0" tests="2" name="com.dropdown.DropDownChrome" time="18.364" errors="0" timestamp="2024-08-24T22:26:57 PDT" skipped="0">
  <testcase classname="com.dropdown.DropDownChrome" name="EdgeTesting" time="9.924"/>
  <system-out/>
  <testcase classname="com.dropdown.DropDownChrome" name="ChromeTesting" time="8.440"/>
  <system-out/>
</testsuite> <!-- com.dropdown.DropDownChrome -->
