<?xml version="1.0" encoding="UTF-8"?>
<!-- Generated by org.testng.reporters.JUnitReportReporter -->
<testsuite hostname="win2019" failures="0" tests="1" name="com.alertAssignment.HandleAlert" time="19.005" errors="0" timestamp="2024-08-24T22:10:00 PDT" skipped="0">
  <testcase classname="com.alertAssignment.HandleAlert" name="Alertpopup" time="19.005"/>
  <system-out/>
</testsuite> <!-- com.alertAssignment.HandleAlert -->
