<?xml version="1.0" encoding="UTF-8"?>
<!-- Generated by org.testng.reporters.JUnitReportReporter -->
<testsuite hostname="win2019" failures="0" tests="3" name="com.selcs.FreeCRM" time="30.619" errors="0" timestamp="2024-08-20T21:25:25 PDT" skipped="0">
  <testcase classname="com.selcs.FreeCRM" name="ChromeBrowserLaunch" time="8.813"/>
  <system-out/>
  <testcase classname="com.selcs.FreeCRM" name="FirefoxBrowserLaunch" time="13.814"/>
  <system-out/>
  <testcase classname="com.selcs.FreeCRM" name="EdgeBrowserLaunch" time="7.992"/>
  <system-out/>
</testsuite> <!-- com.selcs.FreeCRM -->
