<?xml version="1.0" encoding="UTF-8"?>
<!-- Generated by org.testng.reporters.JUnitReportReporter -->
<testsuite hostname="win2019" failures="0" tests="3" name="com.selcs.Ebay" time="38.824" errors="0" timestamp="2024-08-20T21:33:53 PDT" skipped="0">
  <testcase classname="com.selcs.Ebay" name="ChromeBrowserLaunch" time="20.006"/>
  <system-out/>
  <testcase classname="com.selcs.Ebay" name="FirefoxBrowserLaunch" time="10.791"/>
  <system-out/>
  <testcase classname="com.selcs.Ebay" name="EdgeBrowserLaunch" time="8.027"/>
  <system-out/>
</testsuite> <!-- com.selcs.Ebay -->
